#
# There is insufficient memory for the Java Runtime Environment to continue.
# Native memory allocation (malloc) failed to allocate 1048576 bytes for AllocateHeap
# Possible reasons:
#   The system is out of physical RAM or swap space
#   The process is running with CompressedOops enabled, and the Java Heap may be blocking the growth of the native heap
# Possible solutions:
#   Reduce memory load on the system
#   Increase physical memory or swap space
#   Check if swap backing store is full
#   Decrease Java heap size (-Xmx/-Xms)
#   Decrease number of Java threads
#   Decrease Java thread stack sizes (-Xss)
#   Set larger code cache with -XX:ReservedCodeCacheSize=
#   JVM is running with Zero Based Compressed Oops mode in which the Java heap is
#     placed in the first 32GB address space. The Java Heap base address is the
#     maximum limit for the native heap growth. Please use -XX:HeapBaseMinAddress
#     to set the Java Heap base and to place the Java Heap above 32GB virtual address.
# This output file may be truncated or incomplete.
#
#  Out of Memory Error (memory/allocation.inline.hpp:61), pid=11500, tid=0x0000000000003fc0
#
# JRE version:  (8.0_201-b09) (build )
# Java VM: Java HotSpot(TM) 64-Bit Server VM (25.201-b09 mixed mode windows-amd64 compressed oops)
# Failed to write core dump. Minidumps are not enabled by default on client versions of Windows
#

---------------  T H R E A D  ---------------

Current thread (0x0000000002543000):  JavaThread "Unknown thread" [_thread_in_vm, id=16320, stack(0x00000000023b0000,0x00000000024b0000)]

Stack: [0x00000000023b0000,0x00000000024b0000]
[error occurred during error reporting (printing stack bounds), id 0xc0000005]

Native frames: (J=compiled Java code, j=interpreted, Vv=VM code, C=native code)


---------------  P R O C E S S  ---------------

Java Threads: ( => current thread )

Other Threads:

=>0x0000000002543000 (exited) JavaThread "Unknown thread" [_thread_in_vm, id=16320, stack(0x00000000023b0000,0x00000000024b0000)]

VM state:not at safepoint (normal execution)

VM Mutex/Monitor currently owned by a thread: None

heap address: 0x00000006c2600000, size: 4058 MB, Compressed Oops mode: Zero based, Oop shift amount: 3
Narrow klass base: 0x0000000000000000, Narrow klass shift: 3
Compressed class space size: 1073741824 Address: 0x00000007c0000000

Heap:
 PSYoungGen      total 2048K, used 30K [0x000000076b780000, 0x000000076ba00000, 0x00000007c0000000)
  eden space 1536K, 2% used [0x000000076b780000,0x000000076b787af0,0x000000076b900000)
  from space 512K, 0% used [0x000000076b980000,0x000000076b980000,0x000000076ba00000)
  to   space 512K, 0% used [0x000000076b900000,0x000000076b900000,0x000000076b980000)
 ParOldGen       total 5632K, used 0K [0x00000006c2600000, 0x00000006c2b80000, 0x000000076b780000)
  object space 5632K, 0% used [0x00000006c2600000,0x00000006c2600000,0x00000006c2b80000)
 Metaspace       used 775K, capacity 4480K, committed 4480K, reserved 1056768K
  class space    used 76K, capacity 384K, committed 384K, reserved 1048576K

Card table byte_map: [0x0000000011a80000,0x0000000012270000] byte_map_base: 0x000000000e46d000

Marking Bits: (ParMarkBitMap*) 0x00000000605b4ce0
 Begin Bits: [0x0000000012bc0000, 0x0000000016b28000)
 End Bits:   [0x0000000016b28000, 0x000000001aa90000)

Polling page: 0x0000000000b70000

CodeCache: size=245760Kb used=328Kb max_used=328Kb free=245431Kb
 bounds [0x00000000026c0000, 0x0000000002930000, 0x00000000116c0000]
 total_blobs=58 nmethods=0 adapters=38
 compilation: enabled

Compilation events (0 events):
No events

GC Heap History (0 events):
No events

Deoptimization events (0 events):
No events

Classes redefined (0 events):
No events

Internal exceptions (0 events):
No events

Events (10 events):
Event: 0.025 loading class java/lang/Short
Event: 0.025 loading class java/lang/Short done
Event: 0.025 loading class java/lang/Integer
Event: 0.026 loading class java/lang/Integer done
Event: 0.026 loading class java/lang/Long
Event: 0.026 loading class java/lang/Long done
Event: 0.026 loading class java/lang/NullPointerException
Event: 0.026 loading class java/lang/NullPointerException done
Event: 0.026 loading class java/lang/ArithmeticException
Event: 0.026 loading class java/lang/ArithmeticException done


Dynamic libraries:
0x00007ff6bbc70000 - 0x00007ff6bbc77000 	C:\Program Files\Java\jdk1.8.0_201\bin\javac.exe
0x00007ffd8b2e0000 - 0x00007ffd8b4d0000 	C:\WINDOWS\SYSTEM32\ntdll.dll
0x00007ffd89470000 - 0x00007ffd89522000 	C:\WINDOWS\System32\KERNEL32.DLL
0x00007ffd883d0000 - 0x00007ffd88673000 	C:\WINDOWS\System32\KERNELBASE.dll
0x00007ffd7e9b0000 - 0x00007ffd7e9df000 	C:\Program Files\Java\jdk1.8.0_201\bin\jli.dll
0x0000000060860000 - 0x0000000060931000 	C:\Program Files\Java\jdk1.8.0_201\bin\MSVCR100.dll
0x00007ffd8a740000 - 0x00007ffd8a7e3000 	C:\WINDOWS\System32\ADVAPI32.dll
0x00007ffd89f90000 - 0x00007ffd8a02e000 	C:\WINDOWS\System32\msvcrt.dll
0x00007ffd8a030000 - 0x00007ffd8a0c7000 	C:\WINDOWS\System32\sechost.dll
0x00007ffd8a180000 - 0x00007ffd8a2a0000 	C:\WINDOWS\System32\RPCRT4.dll
0x00007ffd8a8d0000 - 0x00007ffd8aa64000 	C:\WINDOWS\System32\USER32.dll
0x00007ffd88700000 - 0x00007ffd88721000 	C:\WINDOWS\System32\win32u.dll
0x00007ffd8a0d0000 - 0x00007ffd8a0f6000 	C:\WINDOWS\System32\GDI32.dll
0x00007ffd6f870000 - 0x00007ffd6faf5000 	C:\WINDOWS\WinSxS\amd64_microsoft.windows.common-controls_6595b64144ccf1df_6.0.18362.535_none_e6c3b34713100821\COMCTL32.dll
0x00007ffd88730000 - 0x00007ffd888c4000 	C:\WINDOWS\System32\gdi32full.dll
0x00007ffd8af50000 - 0x00007ffd8b286000 	C:\WINDOWS\System32\combase.dll
0x00007ffd892c0000 - 0x00007ffd8935e000 	C:\WINDOWS\System32\msvcp_win.dll
0x00007ffd88a40000 - 0x00007ffd88b3a000 	C:\WINDOWS\System32\ucrtbase.dll
0x00007ffd88350000 - 0x00007ffd883d0000 	C:\WINDOWS\System32\bcryptPrimitives.dll
0x00007ffd89e00000 - 0x00007ffd89e2e000 	C:\WINDOWS\System32\IMM32.DLL
0x000000005fcb0000 - 0x000000005fd81000 	C:\Program Files\Java\jdk1.8.0_201\jre\bin\msvcr100.dll
0x000000005fd90000 - 0x0000000060634000 	C:\Program Files\Java\jdk1.8.0_201\jre\bin\server\jvm.dll
0x00007ffd8a640000 - 0x00007ffd8a648000 	C:\WINDOWS\System32\PSAPI.DLL
0x00007ffd7b310000 - 0x00007ffd7b334000 	C:\WINDOWS\SYSTEM32\WINMM.dll
0x00007ffd7e190000 - 0x00007ffd7e19a000 	C:\WINDOWS\SYSTEM32\VERSION.dll
0x00007ffd7b2e0000 - 0x00007ffd7b30d000 	C:\WINDOWS\SYSTEM32\WINMMBASE.dll
0x00007ffd88680000 - 0x00007ffd886ca000 	C:\WINDOWS\System32\cfgmgr32.dll
0x00007ffd71410000 - 0x00007ffd71419000 	C:\WINDOWS\SYSTEM32\WSOCK32.dll
0x00007ffd8aee0000 - 0x00007ffd8af4f000 	C:\WINDOWS\System32\ws2_32.DLL
0x00007ffd6a0d0000 - 0x00007ffd6a0df000 	C:\Program Files\Java\jdk1.8.0_201\jre\bin\verify.dll
0x00007ffd4b2f0000 - 0x00007ffd4b319000 	C:\Program Files\Java\jdk1.8.0_201\jre\bin\java.dll
0x00007ffd4e8d0000 - 0x00007ffd4e8e6000 	C:\Program Files\Java\jdk1.8.0_201\jre\bin\zip.dll

VM Arguments:
jvm_args: -Dapplication.home=C:\Program Files\Java\jdk1.8.0_201 -Xms8m 
java_command: com.sun.tools.javac.Main -d C:\Users\hp\Downloads\BeMyGuest_JavaMiniProject\BeMyGuest_JavaMiniProject\build\classes -classpath C:\Users\hp\Downloads\BeMyGuest_JavaMiniProject\BeMyGuest_JavaMiniProject\build\classes;D:\mysql-connector-java-5.1.23-bin.jar;C:\Program Files\NetBeans 8.2\java\modules\ext\beansbinding-1.2.1.jar;C:\Program Files\NetBeans 8.2\java\modules\ext\AbsoluteLayout.jar;C:\Users\hp\Downloads\BeMyGuest_JavaMiniProject\BeMyGuest_JavaMiniProject\dist\lib\jcalendar-1.4.jar -sourcepath C:\Users\hp\Downloads\BeMyGuest_JavaMiniProject\BeMyGuest_JavaMiniProject\src -target 1.8 -encoding UTF-8 -g -processorpath D:\mysql-connector-java-5.1.23-bin.jar;C:\Program Files\NetBeans 8.2\java\modules\ext\beansbinding-1.2.1.jar;C:\Program Files\NetBeans 8.2\java\modules\ext\AbsoluteLayout.jar;C:\Users\hp\Downloads\BeMyGuest_JavaMiniProject\BeMyGuest_JavaMiniProject\dist\lib\jcalendar-1.4.jar;C:\Users\hp\Downloads\BeMyGuest_JavaMiniProject\BeMyGuest_JavaMiniProject\build\empty -s C:\Users\hp\Downloads\BeMyGuest_JavaMiniProject\BeMyGuest_JavaMiniProject\build\generated-sources\ap-source-output -source 1.8 C:\Users\hp\Downloads\BeMyGuest_JavaMiniProject\BeMyGuest_JavaMiniProject\src\Forms\StructureReservation.java
java_class_path (initial): C:\Program Files\Java\jdk1.8.0_201/lib/tools.jar;C:\Program Files\Java\jdk1.8.0_201/classes
Launcher Type: SUN_STANDARD

Environment Variables:
PATH=C:/Program Files (x86)/Texas Instruments/xdctools_3_22_01_21;C:\Python27\;C:\Python27\Scripts;C:\Program Files (x86)\Common Files\Oracle\Java\javapath;C:\WINDOWS\system32;C:\WINDOWS;C:\WINDOWS\System32\Wbem;C:\WINDOWS\System32\WindowsPowerShell\v1.0\;C:\Program Files\Git\cmd;C:\Program Files\swipl\bin;C:\Program Files\MongoDB\bin;C:\Program Files\nodejs\;C:\ProgramData\chocolatey\bin;C:\xampp\php;C:\composer;;C:\WINDOWS\System32\OpenSSH\;C:/Program Files (x86)/Texas Instruments/xdctools_3_22_01_21;C:\Users\hp\AppData\Local\Programs\Microsoft VS Code\bin;C:\Program Files\JetBrains\WebStorm 2019.2.4\bin;;C:\Program Files\MongoDB\bin;C:\Users\hp\AppData\Roaming\npm;C:\xampp\php;C:\Users\hp\AppData\Roaming\Composer\vendor\bin;C:\Users\hp\AppData\Local\Microsoft\WindowsApps;
USERNAME=hp
OS=Windows_NT
PROCESSOR_IDENTIFIER=Intel64 Family 6 Model 142 Stepping 9, GenuineIntel



---------------  S Y S T E M  ---------------

OS: Windows 10.0 , 64 bit Build 18362 (10.0.18362.329)

CPU:total 4 (initial active 4) (2 cores per cpu, 2 threads per core) family 6 model 142 stepping 9, cmov, cx8, fxsr, mmx, sse, sse2, sse3, ssse3, sse4.1, sse4.2, popcnt, avx, avx2, aes, clmul, erms, rtm, 3dnowpref, lzcnt, ht, tsc, tscinvbit, bmi1, bmi2, adx

Memory: 4k page, physical 16620760k(8377460k free), swap 20730188k(5840k free)

vm_info: Java HotSpot(TM) 64-Bit Server VM (25.201-b09) for windows-amd64 JRE (1.8.0_201-b09), built on Dec 15 2018 18:36:39 by "java_re" with MS VC++ 10.0 (VS2010)

time: Fri Dec 20 17:02:33 2019
timezone: Paris, Madrid
elapsed time: 0 seconds (0d 0h 0m 0s)

